   9653 0
   7255 1
  12380 2
   1648 3
    551 4
   1460 5
   3079 6
    977 7
    799 8
   7504 9
   1929 10
   4340 11
   1882 12
   1260 13
    671 14
   6312 15
    850 16
    854 17
   4543 18
    509 19
   5082 20
   2153 21
    585 22
   9668 23
   3027 24
   1163 25
    576 26
   2059 27
   3750 28
    453 29
   1204 30
    721 31
    908 32
   2671 33
    965 34
   1517 35
    914 36
   1295 37
   2423 38
    925 39
    830 40
    937 41
   3076 42
   2389 43
    505 44
   1600 45
   8904 46
   2730 47
    953 48
   1524 49
   2329 50
   1839 51
   1610 52
    334 53
   1119 54
   2413 55
    887 56
    220 57
   1139 58
    240 59
    936 60
   1025 61
    987 62
   1463 63
    392 64
    743 65
   1233 66
    440 67
   1510 68
    391 69
    270 70
    724 71
   2469 72
   1249 73
    462 74
   3290 75
    624 76
    461 77
   1098 78
    795 79
   1364 80
    614 81
    375 82
    391 83
    906 84
   2682 85
    492 86
   2164 87
    674 88
    410 89
    694 90
    483 91
     15 92
    421 93
   1950 94
    269 95
    187 96
    624 97
    531 98
    642 99
    435 100
     10 101
    258 102
    380 103
    627 104
   1592 105
    704 106
    932 107
    666 108
    646 109
   1233 110
   1871 111
    820 112
    871 113
     40 114
    587 115
    685 116
    607 117
    382 118
    281 119
    493 120
    573 121
    966 122
    353 123
    934 124
    606 125
    190 126
    544 127
    302 128
    208 129
     14 130
      9 131
    386 132
     29 133
    228 134
    545 135
      8 136
     13 137
     17 138
    183 139
      9 140
      7 141
    381 142
      9 143
     79 144
     16 145
      7 146
      5 147
     66 148
     14 149
      8 151
      6 152
     25 153
     10 155
      4 156
     22 157
      4 158
      9 159
     16 160
      5 162
     16 163
      4 166
      9 167
      7 169
     31 170
     17 171
     24 172
     18 173
     11 174
      4 176
     10 177
      4 178
     10 179
     15 181
     11 182
      7 183
      7 184
      5 185
      4 186
     37 187
     20 189
      9 190
     10 191
      5 192
      4 194
      4 195
     10 197
      6 198
     11 199
      7 200
      4 201
      6 202
      6 203
      4 205
      8 206
      8 207
      4 208
      9 209
     10 210
     15 211
      7 212
      6 213
      5 214
      5 216
      4 217
      6 219
      5 220
      4 221
      5 222
      7 223
      6 225
      8 226
      6 227
      4 228
      5 229
      5 230
     11 231
      4 233
      7 234
     13 235
      6 236
      4 237
      7 238
      7 239
