  12323 0
   9695 1
  17226 2
   2191 3
    704 4
   1863 5
   4078 6
   1299 7
   1047 8
  10153 9
   2525 10
   5496 11
   2590 12
   1889 13
    929 14
   8598 15
   1117 16
   1051 17
   5674 18
    660 19
   6357 20
   2880 21
    895 22
  12131 23
   3925 24
   1601 25
    795 26
   2774 27
   4980 28
    586 29
   1716 30
    941 31
   1238 32
   3612 33
   1252 34
   2124 35
   1243 36
   2021 37
   3764 38
   1261 39
   1241 40
   1241 41
   4057 42
   2925 43
    638 44
   2254 45
  11385 46
   4303 47
   1214 48
   2054 49
   3174 50
   2285 51
   2168 52
    426 53
   1356 54
   3129 55
   1281 56
    283 57
   1419 58
    346 59
   1173 60
   1378 61
   1384 62
   2002 63
    529 64
   1000 65
   1710 66
    612 67
   1920 68
    624 69
    419 70
    997 71
   2866 72
   1694 73
    625 74
   4257 75
    786 76
    652 77
   1563 78
   1033 79
   1844 80
    886 81
    506 82
    529 83
   1132 84
   3446 85
    701 86
   2959 87
    869 88
    532 89
    983 90
    653 91
     20 92
    564 93
   2575 94
    358 95
    220 96
    840 97
    794 98
    931 99
    625 100
     11 101
    355 102
    576 103
    876 104
   2103 105
    998 106
   1282 107
    821 108
    909 109
   1478 110
   2491 111
    982 112
   1112 113
     47 114
    699 115
    864 116
    851 117
    486 118
    362 119
    662 120
    769 121
   1235 122
    458 123
   1317 124
    813 125
    281 126
    701 127
    449 128
    298 129
     20 130
     18 131
    610 132
     39 133
    297 134
    699 135
      8 136
     17 137
     22 138
    243 139
     16 140
      9 141
    574 142
      9 143
     89 144
     25 145
      9 146
      5 147
     77 148
     15 149
      3 150
     11 151
      8 152
     31 153
      5 154
     12 155
      6 156
     25 157
     23 158
      9 159
     18 160
      5 161
      8 162
     17 163
      5 164
      8 165
      5 166
     10 167
      6 168
      9 169
     47 170
     23 171
     29 172
     22 173
     17 174
      5 175
      7 176
     13 177
      4 178
     16 179
     13 180
     20 181
     11 182
      7 183
     12 184
      5 185
      6 186
     50 187
      8 188
     22 189
      9 190
     10 191
      5 192
      5 193
     11 194
      7 195
      7 196
     16 197
      8 198
     23 199
     10 200
      6 201
     14 202
      9 203
      8 204
      6 205
     14 206
      8 207
      4 208
      9 209
     12 210
     18 211
      7 212
      7 213
      9 214
      9 215
      9 216
      4 217
      9 218
      6 219
      5 220
      5 221
      6 222
     12 223
      4 224
      6 225
      8 226
     10 227
      6 228
      8 229
      5 230
     11 231
      6 232
      6 233
      8 234
     15 235
      6 236
      4 237
      7 238
      7 239
