   1036 0
    556 1
   1914 2
     94 3
     33 4
     53 5
    206 6
     27 7
      8 8
    122 9
     71 10
    199 11
    171 12
     75 13
     52 14
    749 15
     31 16
     57 17
    254 18
     20 19
    264 20
     99 21
     61 22
    609 23
    211 24
     60 25
     48 26
    125 27
     27 28
     28 29
    132 30
     39 31
     31 32
    278 33
     20 34
     81 35
     59 36
     73 37
     47 38
     15 39
     60 40
    103 41
    233 42
    171 43
      8 44
    134 45
    400 46
    224 47
     85 48
    115 49
    275 50
     55 51
     94 52
      9 53
     16 54
     87 55
     39 56
      2 57
     54 58
      9 59
     50 60
     84 61
     47 62
     76 63
      3 64
     52 65
     33 66
     15 67
     19 68
     17 69
      7 70
     56 71
     78 72
     30 73
     11 74
    252 75
     69 76
     30 77
     79 78
     14 79
    118 80
     52 81
     42 82
     21 83
     32 84
    174 85
     26 86
     99 87
     16 88
     12 89
      2 90
     20 91
     37 93
     57 94
     22 95
      4 96
     61 97
     15 98
     45 99
     34 100
     26 102
     36 103
     45 104
    151 105
     74 106
     17 107
     20 108
      6 109
     29 110
     59 111
     93 112
     36 113
     19 115
     25 116
     59 117
     38 118
      8 119
     28 120
     14 121
     66 122
     20 123
     54 124
     38 125
      5 126
      3 127
     10 128
      4 129
     30 132
      3 133
     27 134
     19 135
      2 139
     46 142
     12 144
      5 145
      5 147
      7 153
      3 161
      4 166
      3 173
      3 181
      4 231
      5 235
