   1942 0
   1168 1
   3557 2
    198 3
     74 4
     97 5
    602 6
     91 7
    102 8
    443 9
    211 10
    409 11
    462 12
    194 13
    155 14
   1551 15
     95 16
    106 17
    641 18
     38 19
    571 20
    262 21
    167 22
   1321 23
    536 24
    133 25
    123 26
    330 27
    142 28
     56 29
    199 30
    153 31
    146 32
    516 33
     95 34
    262 35
    102 36
    207 37
    137 38
     45 39
    241 40
    203 41
    584 42
    357 43
     57 44
    276 45
    977 46
    555 47
    165 48
    253 49
    566 50
    263 51
    228 52
     43 53
     39 54
    238 55
    114 56
     19 57
    138 58
     14 59
    138 60
    202 61
    164 62
    191 63
     84 64
    110 65
    114 66
     78 67
    102 68
     80 69
     35 70
    164 71
    182 72
     96 73
     26 74
    596 75
    166 76
     88 77
    165 78
    122 79
    193 80
    121 81
     85 82
     56 83
     97 84
    363 85
     66 86
    317 87
    115 88
     31 89
     59 90
     76 91
     92 93
    230 94
     56 95
      5 96
    153 97
     55 98
    150 99
     56 100
     36 102
     70 103
     75 104
    309 105
    110 106
     90 107
     79 108
     39 109
    117 110
    157 111
    142 112
     90 113
     58 115
    108 116
    139 117
    145 118
     17 119
     57 120
     34 121
    136 122
     46 123
    112 124
    148 125
     33 126
     45 127
     27 128
     29 129
      3 131
     69 132
      3 133
     37 134
     46 135
     85 139
     48 142
     17 144
      5 145
      9 146
      5 147
     13 148
      6 149
     20 153
      4 157
     12 159
      3 161
      5 166
      3 173
      7 174
      5 180
      3 181
      1 183
      4 184
      7 186
      6 187
      6 193
     10 200
      8 204
      3 206
      8 207
      1 216
      1 222
      4 231
      5 235
      1 236
