   7197 0
   4159 1
  11498 2
    626 3
    200 4
    469 5
   1683 6
    324 7
    287 8
   1591 9
    619 10
   1389 11
   1267 12
    512 13
    340 14
   4509 15
    208 16
    263 17
   2246 18
    121 19
   2206 20
    844 21
    415 22
   4519 23
   1421 24
    524 25
    355 26
   1026 27
    506 28
    213 29
    586 30
    325 31
    355 32
   1567 33
    214 34
    620 35
    356 36
    497 37
    600 38
    150 39
    498 40
    463 41
   1694 42
   1261 43
    120 44
    980 45
   3688 46
   1474 47
    537 48
    733 49
   1470 50
    726 51
    750 52
     63 53
    113 54
    660 55
    442 56
     59 57
    501 58
     80 59
    479 60
    555 61
    499 62
    623 63
    102 64
    368 65
    340 66
    172 67
    232 68
    169 69
    119 70
    394 71
    620 72
    274 73
    108 74
   1543 75
    320 76
    176 77
    637 78
    366 79
    411 80
    410 81
    216 82
    208 83
    250 84
   1087 85
    245 86
   1040 87
    250 88
     79 89
    113 90
    269 91
      1 92
    265 93
    782 94
    126 95
     18 96
    345 97
    170 98
    277 99
    189 100
    107 102
    219 103
    228 104
   1096 105
    464 106
    277 107
    286 108
    123 109
    263 110
    555 111
    438 112
    215 113
    162 115
    219 116
    356 117
    234 118
     82 119
    161 120
    103 121
    530 122
    193 123
    417 124
    321 125
     54 126
     97 127
     88 128
     51 129
      3 131
    149 132
      8 133
    102 134
    131 135
      1 136
     90 139
    199 142
      1 143
     50 144
     15 145
      9 146
      7 147
     16 148
      6 149
     30 153
      4 157
     12 159
      6 161
      2 162
      1 163
      1 165
      8 166
      2 170
      1 172
     22 173
      7 174
      5 180
     22 181
      1 183
      4 184
      7 186
      6 187
      6 193
      1 196
     10 200
      8 204
      3 206
      8 207
      5 211
      1 216
      1 218
      1 222
      1 225
     11 231
      1 234
     15 235
      1 236
