  10727 0
   8765 1
  15093 2
   1899 3
    646 4
   1654 5
   3711 6
   1143 7
    935 8
   8790 9
   2338 10
   4862 11
   2331 12
   1678 13
    848 14
   7666 15
   1051 16
    984 17
   5049 18
    614 19
   5754 20
   2641 21
    811 22
  10597 23
   3611 24
   1454 25
    737 26
   2526 27
   4407 28
    536 29
   1529 30
    881 31
   1079 32
   3271 33
   1140 34
   1979 35
   1121 36
   1773 37
   3363 38
   1119 39
   1138 40
   1128 41
   3704 42
   2648 43
    566 44
   1989 45
  10101 46
   4093 47
   1112 48
   1807 49
   2968 50
   2079 51
   1965 52
    390 53
   1190 54
   2741 55
   1178 56
    267 57
   1290 58
    292 59
   1072 60
   1277 61
   1263 62
   1801 63
    501 64
    923 65
   1518 66
    559 67
   1687 68
    579 69
    377 70
    944 71
   2648 72
   1505 73
    575 74
   3940 75
    740 76
    616 77
   1380 78
    947 79
   1647 80
    792 81
    460 82
    491 83
   1043 84
   3118 85
    644 86
   2641 87
    792 88
    481 89
    865 90
    609 91
     19 92
    485 93
   2322 94
    341 95
    217 96
    789 97
    721 98
    836 99
    548 100
      9 101
    319 102
    533 103
    785 104
   1909 105
    912 106
   1132 107
    757 108
    824 109
   1317 110
   2189 111
    897 112
   1031 113
     47 114
    666 115
    805 116
    777 117
    465 118
    341 119
    612 120
    684 121
   1118 122
    441 123
   1219 124
    733 125
    262 126
    635 127
    411 128
    262 129
     17 130
     15 131
    578 132
     37 133
    291 134
    655 135
      7 136
     14 137
     24 138
    240 139
     17 140
     10 141
    522 142
      9 143
     85 144
     29 145
     10 146
      5 147
     65 148
     14 149
      5 150
     10 151
      8 152
     29 153
      7 154
     12 155
      6 156
     24 157
     25 158
     11 159
     18 160
      5 161
      8 162
     16 163
      5 164
      8 165
      7 166
      9 167
      6 168
      9 169
     45 170
     22 171
     29 172
     20 173
     16 174
      5 175
      6 176
     11 177
      4 178
     16 179
     13 180
     16 181
     11 182
      7 183
     12 184
      7 185
      6 186
     51 187
      8 188
     22 189
      9 190
      9 191
      7 192
     10 193
     10 194
      7 195
     11 196
     16 197
      8 198
     21 199
      9 200
      6 201
     14 202
      8 203
     10 204
      6 205
     14 206
      7 207
      4 208
      9 209
     12 210
     17 211
      7 212
      6 213
      7 214
      9 215
     10 216
      4 217
      9 218
      6 219
      5 220
      4 221
      7 222
     12 223
      4 224
      6 225
      8 226
      9 227
      6 228
     11 229
      5 230
     11 231
      6 232
      4 233
      8 234
     15 235
      6 236
      4 237
      7 238
      7 239
