  14472 0
  11607 1
  21857 2
   2443 3
    803 4
   2125 5
   4781 6
   1491 7
   1232 8
  11557 9
   2888 10
   6157 11
   3120 12
   2351 13
   1064 14
  10343 15
   1272 16
   1173 17
   6584 18
    748 19
   7215 20
   3386 21
   1118 22
  13299 23
   4575 24
   1913 25
    968 26
   3250 27
   5483 28
    663 29
   2043 30
   1075 31
   1443 32
   4258 33
   1425 34
   2593 35
   1484 36
   2428 37
   4596 38
   1419 39
   1508 40
   1433 41
   4804 42
   3322 43
    703 44
   2739 45
  13060 46
   5398 47
   1357 48
   2347 49
   3857 50
   2571 51
   2513 52
    474 53
   1491 54
   3474 55
   1596 56
    327 57
   1561 58
    407 59
   1321 60
   1623 61
   1624 62
   2308 63
    606 64
   1162 65
   1994 66
    723 67
   2148 68
    741 69
    507 70
   1169 71
   3079 72
   1949 73
    750 74
   4924 75
    890 76
    799 77
   1890 78
   1185 79
   2164 80
   1107 81
    599 82
    640 83
   1273 84
   3937 85
    811 86
   3509 87
    979 88
    609 89
   1102 90
    763 91
     22 92
    614 93
   2993 94
    424 95
    236 96
   1017 97
    971 98
   1089 99
    718 100
     12 101
    403 102
    706 103
   1035 104
   2555 105
   1229 106
   1487 107
    928 108
   1051 109
   1592 110
   2828 111
   1029 112
   1267 113
     48 114
    768 115
    977 116
    993 117
    563 118
    432 119
    776 120
    876 121
   1382 122
    551 123
   1630 124
    938 125
    328 126
    779 127
    542 128
    352 129
     21 130
     21 131
    752 132
     43 133
    354 134
    793 135
      8 136
     17 137
     26 138
    289 139
     17 140
     10 141
    677 142
      9 143
     92 144
     38 145
     10 146
      7 147
     83 148
     16 149
      8 150
     12 151
     10 152
     32 153
      7 154
     12 155
      6 156
     25 157
     34 158
     12 159
     21 160
      6 161
      8 162
     17 163
      9 164
     11 165
      9 166
     11 167
      6 168
     11 169
     49 170
     25 171
     29 172
     23 173
     21 174
      7 175
     10 176
     15 177
      5 178
     18 179
     16 180
     22 181
     12 182
      7 183
     16 184
      7 185
      7 186
     56 187
      8 188
     23 189
      9 190
     10 191
      7 192
     10 193
     11 194
     10 195
     12 196
     18 197
      8 198
     24 199
     12 200
      7 201
     15 202
     10 203
     10 204
      6 205
     15 206
      8 207
      5 208
      9 209
     12 210
     18 211
      8 212
      7 213
      9 214
     14 215
     10 216
      6 217
     14 218
      6 219
      5 220
      6 221
      7 222
     13 223
      8 224
      8 225
      8 226
     10 227
      8 228
     11 229
      5 230
     11 231
      6 232
      8 233
      9 234
     15 235
      6 236
      6 237
      7 238
      7 239
